Post Processor Report
OrCAD FILE: D:\UTENTI\00.LAVORI IN CORSO\METALTRONICA\23-326-0\23-326-0.MAX
Fri Nov 03 17:16:21 2023

*********************************************************

Output file: D:\UTENTI\00.LAVORI IN CORSO\METALTRONICA\23-326-0\23-326-0.TOP

Aperture totals for D:\UTENTI\00.LAVORI IN CORSO\METALTRONICA\23-326-0\23-326-0.TOP:
---------------------------------------------------------
D10:  0.1850 ROUND  --       0 Draws,       4 Flashes
D11:  0.0394 ROUND  --       0 Draws,       3 Flashes
D12:  0.0380 x 0.0320 RECTANGLE -----      84 Flashes
D13:  0.0886 x 0.0905 RECTANGLE -----       8 Flashes
D14:  0.0501 x 0.0404 RECTANGLE -----      20 Flashes
D15:  0.0710 x 0.0400 RECTANGLE -----       2 Flashes
D16:  0.0787 x 0.1181 OBLONG    -----       4 Flashes
D17:  0.0669 ROUND  --       0 Draws,       6 Flashes
D18:  0.0669 SQUARE --       0 Draws,       2 Flashes
D19:  0.0590 ROUND  --       0 Draws,      16 Flashes
D20:  0.0590 SQUARE --       0 Draws,       4 Flashes
D21:  0.0787 ROUND  --       0 Draws,       5 Flashes
D22:  0.0787 SQUARE --       0 Draws,       2 Flashes
D23:  0.0413 x 0.0236 RECTANGLE -----       4 Flashes
D24:  0.0187 ROUND  --       0 Draws,       2 Flashes
D25:  0.0650 x 0.0256 OBLONG    -----       8 Flashes
D26:  0.0800 ROUND  --       0 Draws,       2 Flashes
D27:  0.1580 x 0.0680 RECTANGLE -----       1 Flashes
D28:  0.0550 x 0.0680 RECTANGLE -----       3 Flashes
D29:  0.0118 ROUND  --       0 Draws,       8 Flashes
D30:  0.0984 SQUARE --       0 Draws,       1 Flashes
D31:  0.0394 x 0.0110 OBLONG    -----      12 Flashes
D32:  0.0110 x 0.0394 OBLONG    -----      12 Flashes
D33:  0.0700 x 0.0110 OBLONG    -----      28 Flashes
D34:  0.0700 x 0.0110 RECTANGLE -----       4 Flashes
D35:  0.0110 x 0.0700 OBLONG    -----      29 Flashes
D36:  0.0110 x 0.0700 RECTANGLE -----       3 Flashes
D37:  0.0236 x 0.0512 RECTANGLE -----       8 Flashes
D38:  0.0050 ROUND  --     126 Draws,       0 Flashes
D39:  0.0100 ROUND  --    4598 Draws,       0 Flashes
D40:  0.0080 ROUND  --     449 Draws,       0 Flashes
D41:  0.0250 ROUND  --      57 Draws,       0 Flashes
D42:  0.0276 ROUND  --       0 Draws,      70 Flashes
D43:  0.0500 ROUND  --      14 Draws,       0 Flashes
D44:  0.0197 ROUND  --      10 Draws,       0 Flashes
---------------------------------------------------------
 35 D-Codes      -----    5254 Draws,     355 Flashes

*********************************************************

Output file: D:\UTENTI\00.LAVORI IN CORSO\METALTRONICA\23-326-0\23-326-0.BOT

Aperture totals for D:\UTENTI\00.LAVORI IN CORSO\METALTRONICA\23-326-0\23-326-0.BOT:
---------------------------------------------------------
D10:  0.1850 ROUND  --       0 Draws,       4 Flashes
D16:  0.0787 x 0.1181 OBLONG    -----       4 Flashes
D17:  0.0669 ROUND  --       0 Draws,       6 Flashes
D18:  0.0669 SQUARE --       0 Draws,       2 Flashes
D19:  0.0590 ROUND  --       0 Draws,      16 Flashes
D20:  0.0590 SQUARE --       0 Draws,       4 Flashes
D21:  0.0787 ROUND  --       0 Draws,       5 Flashes
D22:  0.0787 SQUARE --       0 Draws,       2 Flashes
D26:  0.0800 ROUND  --       0 Draws,       2 Flashes
D29:  0.0118 ROUND  --       0 Draws,       8 Flashes
D30:  0.0984 SQUARE --       0 Draws,       1 Flashes
D39:  0.0100 ROUND  --    2386 Draws,       0 Flashes
D40:  0.0080 ROUND  --     126 Draws,       0 Flashes
D42:  0.0276 ROUND  --       0 Draws,      68 Flashes
D45:  0.0276 ROUND  --       0 Draws,       2 Flashes
---------------------------------------------------------
 15 D-Codes      -----    2512 Draws,     124 Flashes

*********************************************************

Output file: D:\UTENTI\00.LAVORI IN CORSO\METALTRONICA\23-326-0\23-326-0.GND

Aperture totals for D:\UTENTI\00.LAVORI IN CORSO\METALTRONICA\23-326-0\23-326-0.GND:
---------------------------------------------------------
D39:  0.0100 ROUND  --      20 Draws,       0 Flashes
D41:  0.0250 ROUND  --       4 Draws,       0 Flashes
D46:  0.2047 ROUND  --       0 Draws,       4 Flashes
D47:  0.0984 x 0.1378 OBLONG    -----       1 Flashes
D48:  0.1212 OD, 0.0972 ID THERMAL --       2 Flashes
D49:  0.0866 SQUARE --       0 Draws,       2 Flashes
D50:  0.0984 x 0.1378 OBLONG    -----       3 Flashes
D51:  0.0866 ROUND  --       0 Draws,       4 Flashes
D52:  0.1094 OD, 0.0854 ID THERMAL --       8 Flashes
D53:  0.0708 ROUND  --       0 Draws,       4 Flashes
D54:  0.0708 SQUARE --       0 Draws,       4 Flashes
D55:  0.1027 ROUND  --       0 Draws,       4 Flashes
D56:  0.1173 OD, 0.0933 ID THERMAL --       1 Flashes
D57:  0.0984 SQUARE --       0 Draws,       1 Flashes
D58:  0.0748 ROUND  --       0 Draws,       4 Flashes
D59:  0.1100 ROUND  --       0 Draws,       1 Flashes
D60:  0.1173 OD, 0.0933 ID THERMAL --       1 Flashes
D61:  0.0984 SQUARE --       0 Draws,       1 Flashes
D62:  0.0050 ROUND  --       0 Draws,       9 Flashes
D63:  0.0394 ROUND  --       0 Draws,      40 Flashes
D64:  0.0050 ROUND  --       0 Draws,      30 Flashes
---------------------------------------------------------
 21 D-Codes      -----      24 Draws,     124 Flashes

*********************************************************

Output file: D:\UTENTI\00.LAVORI IN CORSO\METALTRONICA\23-326-0\23-326-0.IN1

Aperture totals for D:\UTENTI\00.LAVORI IN CORSO\METALTRONICA\23-326-0\23-326-0.IN1:
---------------------------------------------------------
D10:  0.1850 ROUND  --       0 Draws,       4 Flashes
D16:  0.0787 x 0.1181 OBLONG    -----       4 Flashes
D17:  0.0669 ROUND  --       0 Draws,       6 Flashes
D18:  0.0669 SQUARE --       0 Draws,       2 Flashes
D19:  0.0590 ROUND  --       0 Draws,      16 Flashes
D20:  0.0590 SQUARE --       0 Draws,       4 Flashes
D21:  0.0787 ROUND  --       0 Draws,       5 Flashes
D22:  0.0787 SQUARE --       0 Draws,       2 Flashes
D26:  0.0800 ROUND  --       0 Draws,       2 Flashes
D29:  0.0118 ROUND  --       0 Draws,       8 Flashes
D39:  0.0100 ROUND  --    2330 Draws,       0 Flashes
D42:  0.0276 ROUND  --       0 Draws,      46 Flashes
D43:  0.0500 ROUND  --       9 Draws,       0 Flashes
D45:  0.0276 ROUND  --       0 Draws,      24 Flashes
D65:  0.0748 ROUND  --       0 Draws,       1 Flashes
---------------------------------------------------------
 15 D-Codes      -----    2339 Draws,     124 Flashes

*********************************************************

Output file: D:\UTENTI\00.LAVORI IN CORSO\METALTRONICA\23-326-0\23-326-0.SMT

Aperture totals for D:\UTENTI\00.LAVORI IN CORSO\METALTRONICA\23-326-0\23-326-0.SMT:
---------------------------------------------------------
D12:  0.0380 x 0.0320 RECTANGLE -----      84 Flashes
D13:  0.0886 x 0.0905 RECTANGLE -----       8 Flashes
D14:  0.0501 x 0.0404 RECTANGLE -----      20 Flashes
D15:  0.0710 x 0.0400 RECTANGLE -----       2 Flashes
D16:  0.0787 x 0.1181 OBLONG    -----       4 Flashes
D17:  0.0669 ROUND  --       0 Draws,       6 Flashes
D18:  0.0669 SQUARE --       0 Draws,       2 Flashes
D19:  0.0590 ROUND  --       0 Draws,      19 Flashes
D20:  0.0590 SQUARE --       0 Draws,       4 Flashes
D21:  0.0787 ROUND  --       0 Draws,       5 Flashes
D22:  0.0787 SQUARE --       0 Draws,       2 Flashes
D23:  0.0413 x 0.0236 RECTANGLE -----       4 Flashes
D25:  0.0650 x 0.0256 OBLONG    -----       8 Flashes
D26:  0.0800 ROUND  --       0 Draws,       2 Flashes
D27:  0.1580 x 0.0680 RECTANGLE -----       1 Flashes
D28:  0.0550 x 0.0680 RECTANGLE -----       3 Flashes
D30:  0.0984 SQUARE --       0 Draws,       1 Flashes
D33:  0.0700 x 0.0110 OBLONG    -----      28 Flashes
D34:  0.0700 x 0.0110 RECTANGLE -----       4 Flashes
D35:  0.0110 x 0.0700 OBLONG    -----      29 Flashes
D36:  0.0110 x 0.0700 RECTANGLE -----       3 Flashes
D37:  0.0236 x 0.0512 RECTANGLE -----       8 Flashes
D38:  0.0050 ROUND  --     160 Draws,       0 Flashes
D66:  0.0423 x 0.0139 OBLONG    -----      12 Flashes
D67:  0.0139 x 0.0423 OBLONG    -----      12 Flashes
---------------------------------------------------------
 25 D-Codes      -----     160 Draws,     271 Flashes

*********************************************************

Output file: D:\UTENTI\00.LAVORI IN CORSO\METALTRONICA\23-326-0\23-326-0.SMB

Aperture totals for D:\UTENTI\00.LAVORI IN CORSO\METALTRONICA\23-326-0\23-326-0.SMB:
---------------------------------------------------------
D16:  0.0787 x 0.1181 OBLONG    -----       4 Flashes
D17:  0.0669 ROUND  --       0 Draws,       6 Flashes
D18:  0.0669 SQUARE --       0 Draws,       2 Flashes
D19:  0.0590 ROUND  --       0 Draws,      16 Flashes
D20:  0.0590 SQUARE --       0 Draws,       4 Flashes
D21:  0.0787 ROUND  --       0 Draws,       5 Flashes
D22:  0.0787 SQUARE --       0 Draws,       2 Flashes
D26:  0.0800 ROUND  --       0 Draws,       2 Flashes
D30:  0.0984 SQUARE --       0 Draws,       1 Flashes
---------------------------------------------------------
  9 D-Codes      -----       0 Draws,      42 Flashes

*********************************************************

Output file: D:\UTENTI\00.LAVORI IN CORSO\METALTRONICA\23-326-0\23-326-0.SPT

Aperture totals for D:\UTENTI\00.LAVORI IN CORSO\METALTRONICA\23-326-0\23-326-0.SPT:
---------------------------------------------------------
D12:  0.0380 x 0.0320 RECTANGLE -----      84 Flashes
D13:  0.0886 x 0.0905 RECTANGLE -----       8 Flashes
D14:  0.0501 x 0.0404 RECTANGLE -----      20 Flashes
D15:  0.0710 x 0.0400 RECTANGLE -----       2 Flashes
D23:  0.0413 x 0.0236 RECTANGLE -----       4 Flashes
D25:  0.0650 x 0.0256 OBLONG    -----       8 Flashes
D27:  0.1580 x 0.0680 RECTANGLE -----       1 Flashes
D28:  0.0550 x 0.0680 RECTANGLE -----       3 Flashes
D33:  0.0700 x 0.0110 OBLONG    -----      28 Flashes
D34:  0.0700 x 0.0110 RECTANGLE -----       4 Flashes
D35:  0.0110 x 0.0700 OBLONG    -----      29 Flashes
D36:  0.0110 x 0.0700 RECTANGLE -----       3 Flashes
D37:  0.0236 x 0.0512 RECTANGLE -----       8 Flashes
D38:  0.0050 ROUND  --     224 Draws,       0 Flashes
D39:  0.0100 ROUND  --      24 Draws,       0 Flashes
---------------------------------------------------------
 15 D-Codes      -----     248 Draws,     202 Flashes

*********************************************************

Output file: D:\UTENTI\00.LAVORI IN CORSO\METALTRONICA\23-326-0\23-326-0.SST

Aperture totals for D:\UTENTI\00.LAVORI IN CORSO\METALTRONICA\23-326-0\23-326-0.SST:
---------------------------------------------------------
D38:  0.0050 ROUND  --     207 Draws,       0 Flashes
D39:  0.0100 ROUND  --      12 Draws,       0 Flashes
D40:  0.0080 ROUND  --      51 Draws,       0 Flashes
D68:  0.0060 ROUND  --    2311 Draws,       0 Flashes
D69:  0.0079 ROUND  --     165 Draws,       0 Flashes
---------------------------------------------------------
  5 D-Codes      -----    2746 Draws,       0 Flashes

*********************************************************

Output file: D:\UTENTI\00.LAVORI IN CORSO\METALTRONICA\23-326-0\23-326-0.DRD

Aperture totals for D:\UTENTI\00.LAVORI IN CORSO\METALTRONICA\23-326-0\23-326-0.DRD:
---------------------------------------------------------
D39:  0.0100 ROUND  --    1786 Draws,       0 Flashes
D41:  0.0250 ROUND  --       4 Draws,       0 Flashes
---------------------------------------------------------
  2 D-Codes      -----    1790 Draws,       0 Flashes


*********************************************************

Aperture totals for entire project:
---------------------------------------------------------
D10:  0.1850 ROUND  --       0 Draws,      12 Flashes
D11:  0.0394 ROUND  --       0 Draws,       3 Flashes
D12:  0.0380 x 0.0320 RECTANGLE -----     252 Flashes
D13:  0.0886 x 0.0905 RECTANGLE -----      24 Flashes
D14:  0.0501 x 0.0404 RECTANGLE -----      60 Flashes
D15:  0.0710 x 0.0400 RECTANGLE -----       6 Flashes
D16:  0.0787 x 0.1181 OBLONG    -----      20 Flashes
D17:  0.0669 ROUND  --       0 Draws,      30 Flashes
D18:  0.0669 SQUARE --       0 Draws,      10 Flashes
D19:  0.0590 ROUND  --       0 Draws,      83 Flashes
D20:  0.0590 SQUARE --       0 Draws,      20 Flashes
D21:  0.0787 ROUND  --       0 Draws,      25 Flashes
D22:  0.0787 SQUARE --       0 Draws,      10 Flashes
D23:  0.0413 x 0.0236 RECTANGLE -----      12 Flashes
D24:  0.0187 ROUND  --       0 Draws,       2 Flashes
D25:  0.0650 x 0.0256 OBLONG    -----      24 Flashes
D26:  0.0800 ROUND  --       0 Draws,      10 Flashes
D27:  0.1580 x 0.0680 RECTANGLE -----       3 Flashes
D28:  0.0550 x 0.0680 RECTANGLE -----       9 Flashes
D29:  0.0118 ROUND  --       0 Draws,      24 Flashes
D30:  0.0984 SQUARE --       0 Draws,       4 Flashes
D31:  0.0394 x 0.0110 OBLONG    -----      12 Flashes
D32:  0.0110 x 0.0394 OBLONG    -----      12 Flashes
D33:  0.0700 x 0.0110 OBLONG    -----      84 Flashes
D34:  0.0700 x 0.0110 RECTANGLE -----      12 Flashes
D35:  0.0110 x 0.0700 OBLONG    -----      87 Flashes
D36:  0.0110 x 0.0700 RECTANGLE -----       9 Flashes
D37:  0.0236 x 0.0512 RECTANGLE -----      24 Flashes
D38:  0.0050 ROUND  --     717 Draws,       0 Flashes
D39:  0.0100 ROUND  --   11156 Draws,       0 Flashes
D40:  0.0080 ROUND  --     626 Draws,       0 Flashes
D41:  0.0250 ROUND  --      65 Draws,       0 Flashes
D42:  0.0276 ROUND  --       0 Draws,     184 Flashes
D43:  0.0500 ROUND  --      23 Draws,       0 Flashes
D44:  0.0197 ROUND  --      10 Draws,       0 Flashes
D45:  0.0276 ROUND  --       0 Draws,      26 Flashes
D46:  0.2047 ROUND  --       0 Draws,       4 Flashes
D47:  0.0984 x 0.1378 OBLONG    -----       1 Flashes
D48:  0.1212 OD, 0.0972 ID THERMAL --       2 Flashes
D49:  0.0866 SQUARE --       0 Draws,       2 Flashes
D50:  0.0984 x 0.1378 OBLONG    -----       3 Flashes
D51:  0.0866 ROUND  --       0 Draws,       4 Flashes
D52:  0.1094 OD, 0.0854 ID THERMAL --       8 Flashes
D53:  0.0708 ROUND  --       0 Draws,       4 Flashes
D54:  0.0708 SQUARE --       0 Draws,       4 Flashes
D55:  0.1027 ROUND  --       0 Draws,       4 Flashes
D56:  0.1173 OD, 0.0933 ID THERMAL --       1 Flashes
D57:  0.0984 SQUARE --       0 Draws,       1 Flashes
D58:  0.0748 ROUND  --       0 Draws,       4 Flashes
D59:  0.1100 ROUND  --       0 Draws,       1 Flashes
D60:  0.1173 OD, 0.0933 ID THERMAL --       1 Flashes
D61:  0.0984 SQUARE --       0 Draws,       1 Flashes
D62:  0.0050 ROUND  --       0 Draws,       9 Flashes
D63:  0.0394 ROUND  --       0 Draws,      40 Flashes
D64:  0.0050 ROUND  --       0 Draws,      30 Flashes
D65:  0.0748 ROUND  --       0 Draws,       1 Flashes
D66:  0.0423 x 0.0139 OBLONG    -----      12 Flashes
D67:  0.0139 x 0.0423 OBLONG    -----      12 Flashes
D68:  0.0060 ROUND  --    2311 Draws,       0 Flashes
D69:  0.0079 ROUND  --     165 Draws,       0 Flashes
---------------------------------------------------------
 60 D-Codes      -----   15073 Draws,    1242 Flashes


No warnings or errors.
